<?xml version="1.0" encoding="UTF-8"?>
<!-- Generated by org.testng.reporters.JUnitReportReporter -->
<testsuite hostname="welcome-PC" name="mmtTest.mmtFlightPageTest" tests="1" failures="0" timestamp="26 Apr 2019 09:49:24 GMT" time="204.820" errors="0">
  <testcase name="ValidatepriceTest" time="204.820" classname="mmtTest.mmtFlightPageTest"/>
</testsuite> <!-- mmtTest.mmtFlightPageTest -->
