<?xml version="1.0" encoding="UTF-8"?>
<!-- Generated by org.testng.reporters.JUnitReportReporter -->
<testsuite hostname="welcome-PC" name="mmtTest.mmtFlightPageTest" tests="1" failures="0" timestamp="27 Apr 2019 12:16:39 GMT" time="59.889" errors="0">
  <testcase name="ValidatepriceTest" time="59.889" classname="mmtTest.mmtFlightPageTest"/>
</testsuite> <!-- mmtTest.mmtFlightPageTest -->
